warning: source doc/images is not a readable file or directory... skipping.
/home/yanda/pregelplus-code/utils/io.h:153: warning: Member BufferedReader(const char *path, hdfsFS fs) (function) of class BufferedReader is not documented.
/home/yanda/pregelplus-code/utils/io.h:164: warning: Member readChunk() (function) of class BufferedReader is not documented.
/home/yanda/pregelplus-code/utils/io.h:177: warning: Member getLine() (function) of class BufferedReader is not documented.
/home/yanda/pregelplus-code/utils/io.h:143: warning: Member buf[HDFS_BUF_SIZE] (variable) of class BufferedReader is not documented.
/home/yanda/pregelplus-code/utils/io.h:145: warning: Member fs (variable) of class BufferedReader is not documented.
/home/yanda/pregelplus-code/utils/io.h:146: warning: Member handle (variable) of class BufferedReader is not documented.
/home/yanda/pregelplus-code/utils/io.h:147: warning: Member bufPos (variable) of class BufferedReader is not documented.
/home/yanda/pregelplus-code/utils/io.h:148: warning: Member bufSize (variable) of class BufferedReader is not documented.
/home/yanda/pregelplus-code/utils/io.h:150: warning: Member line (variable) of class BufferedReader is not documented.
/home/yanda/pregelplus-code/utils/io.h:151: warning: Member eof (variable) of class BufferedReader is not documented.
/home/yanda/pregelplus-code/utils/io.h:215: warning: Member BufferedWriter(const char *path, hdfsFS fs) (function) of class BufferedWriter is not documented.
/home/yanda/pregelplus-code/utils/io.h:222: warning: Member BufferedWriter(const char *path, hdfsFS fs, int me) (function) of class BufferedWriter is not documented.
/home/yanda/pregelplus-code/utils/io.h:249: warning: Member nextHdl() (function) of class BufferedWriter is not documented.
/home/yanda/pregelplus-code/utils/io.h:276: warning: Member check() (function) of class BufferedWriter is not documented.
/home/yanda/pregelplus-code/utils/io.h:292: warning: Member write(const char *content) (function) of class BufferedWriter is not documented.
/home/yanda/pregelplus-code/utils/ydhdfs.h:501: warning: Member BufferedWriter(const char *path, hdfsFS fs) (function) of class BufferedWriter is not documented.
/home/yanda/pregelplus-code/utils/ydhdfs.h:508: warning: Member BufferedWriter(const char *path, hdfsFS fs, int me) (function) of class BufferedWriter is not documented.
/home/yanda/pregelplus-code/utils/ydhdfs.h:535: warning: Member nextHdl() (function) of class BufferedWriter is not documented.
/home/yanda/pregelplus-code/utils/ydhdfs.h:562: warning: Member check() (function) of class BufferedWriter is not documented.
/home/yanda/pregelplus-code/utils/ydhdfs.h:578: warning: Member write(const char *content) (function) of class BufferedWriter is not documented.
/home/yanda/pregelplus-code/utils/io.h:208: warning: Member fs (variable) of class BufferedWriter is not documented.
/home/yanda/pregelplus-code/utils/io.h:209: warning: Member path (variable) of class BufferedWriter is not documented.
/home/yanda/pregelplus-code/utils/io.h:210: warning: Member me (variable) of class BufferedWriter is not documented.
/home/yanda/pregelplus-code/utils/io.h:211: warning: Member nxtPart (variable) of class BufferedWriter is not documented.
/home/yanda/pregelplus-code/utils/io.h:212: warning: Member buf (variable) of class BufferedWriter is not documented.
/home/yanda/pregelplus-code/utils/io.h:213: warning: Member curHdl (variable) of class BufferedWriter is not documented.
